<?xml version="1.0" encoding="UTF-8"?>
<testng-results ignored="0" total="1" passed="1" failed="0" skipped="0">
  <reporter-output>
  </reporter-output>
  <suite started-at="2022-11-03T16:42:15 IST" name="Android" finished-at="2022-11-03T16:44:39 IST" duration-ms="143631">
    <groups>
    </groups>
    <test started-at="2022-11-03T16:42:15 IST" name="RingPay" finished-at="2022-11-03T16:44:39 IST" duration-ms="143631">
      <class name="com.RingPay.TestScripts.RingPayTestScripts">
        <test-method is-config="true" signature="Before()[pri:0, instance:com.RingPay.TestScripts.RingPayTestScripts@1c55f277]" started-at="2022-11-03T16:42:25 IST" name="Before" finished-at="2022-11-03T16:42:43 IST" duration-ms="18034" status="PASS">
          <reporter-output>
          </reporter-output>
        </test-method> <!-- Before -->
        <test-method signature="userPaymentFlow()[pri:1, instance:com.RingPay.TestScripts.RingPayTestScripts@1c55f277]" started-at="2022-11-03T16:42:43 IST" name="userPaymentFlow" finished-at="2022-11-03T16:44:38 IST" duration-ms="115282" status="PASS">
          <reporter-output>
          </reporter-output>
        </test-method> <!-- userPaymentFlow -->
      </class> <!-- com.RingPay.TestScripts.RingPayTestScripts -->
    </test> <!-- RingPay -->
  </suite> <!-- Android -->
</testng-results>
