<?xml version="1.0" encoding="UTF-8"?>
<testng-results ignored="0" total="3" passed="3" failed="0" skipped="0">
  <reporter-output>
  </reporter-output>
  <suite started-at="2022-11-01T17:20:23 IST" name="Android" finished-at="2022-11-01T17:37:42 IST" duration-ms="1039210">
    <groups>
    </groups>
    <test started-at="2022-11-01T17:20:23 IST" name="RingPay" finished-at="2022-11-01T17:37:42 IST" duration-ms="1039210">
      <class name="com.RingPay.TestScripts.RingPayTestScripts">
        <test-method is-config="true" signature="Before()[pri:0, instance:com.RingPay.TestScripts.RingPayTestScripts@1de5f0ef]" started-at="2022-11-01T17:20:32 IST" name="Before" finished-at="2022-11-01T17:20:46 IST" duration-ms="13665" status="PASS">
          <reporter-output>
          </reporter-output>
        </test-method> <!-- Before -->
        <test-method signature="User_Playstore_Flow(java.lang.String, java.lang.String, java.lang.String, java.lang.String, java.lang.String, java.lang.String, java.lang.String, java.lang.String)[pri:0, instance:com.RingPay.TestScripts.RingPayTestScripts@1de5f0ef]" started-at="2022-11-01T17:20:46 IST" name="User_Playstore_Flow" finished-at="2022-11-01T17:26:07 IST" duration-ms="320974" status="PASS">
          <params>
            <param index="0">
              <value>
                <![CDATA[9731239214]]>
              </value>
            </param>
            <param index="1">
              <value>
                <![CDATA[8123267268]]>
              </value>
            </param>
            <param index="2">
              <value>
                <![CDATA[8124569]]>
              </value>
            </param>
            <param index="3">
              <value>
                <![CDATA[98863277656]]>
              </value>
            </param>
            <param index="4">
              <value>
                <![CDATA[8124,4]]>
              </value>
            </param>
            <param index="5">
              <value>
                <![CDATA[8124 4]]>
              </value>
            </param>
            <param index="6">
              <value>
                <![CDATA[12345]]>
              </value>
            </param>
            <param index="7">
              <value>
                <![CDATA[123123]]>
              </value>
            </param>
          </params>
          <reporter-output>
          </reporter-output>
        </test-method> <!-- User_Playstore_Flow -->
        <test-method signature="userRegistrationFlow(java.lang.String, java.lang.String, java.lang.String, java.lang.String)[pri:1, instance:com.RingPay.TestScripts.RingPayTestScripts@1de5f0ef]" started-at="2022-11-01T17:26:08 IST" name="userRegistrationFlow" finished-at="2022-11-01T17:36:38 IST" duration-ms="630512" status="PASS">
          <params>
            <param index="0">
              <value>
                <![CDATA[Feb]]>
              </value>
            </param>
            <param index="1">
              <value>
                <![CDATA[10]]>
              </value>
            </param>
            <param index="2">
              <value>
                <![CDATA[1966]]>
              </value>
            </param>
            <param index="3">
              <value>
                <![CDATA[male]]>
              </value>
            </param>
          </params>
          <reporter-output>
          </reporter-output>
        </test-method> <!-- userRegistrationFlow -->
        <test-method signature="merchantFlow()[pri:2, instance:com.RingPay.TestScripts.RingPayTestScripts@1de5f0ef]" started-at="2022-11-01T17:36:39 IST" name="merchantFlow" finished-at="2022-11-01T17:37:41 IST" duration-ms="62256" status="PASS">
          <reporter-output>
          </reporter-output>
        </test-method> <!-- merchantFlow -->
      </class> <!-- com.RingPay.TestScripts.RingPayTestScripts -->
    </test> <!-- RingPay -->
  </suite> <!-- Android -->
</testng-results>
